<?xml version="1.0" encoding="UTF-8"?>
<!-- Generated by org.testng.reporters.JUnitReportReporter -->
<testsuite skipped="0" hostname="lakshman" name="project.TNG_001" tests="1" failures="0" timestamp="10 Mar 2022 12:32:54 GMT" time="10.243" errors="0">
  <testcase name="amazon" time="10.243" classname="project.TNG_001"/>
</testsuite> <!-- project.TNG_001 -->
